{"name":"create a new meeting in StartSharp","id":"create-a-meeting;create-a-new-meeting-in-startsharp","testSteps":[{"number":1,"description":"create a new meeting in StartSharp #1: {user\u003d@admin, password\u003dserenity}","duration":40379,"startTime":"2022-08-22T15:43:26.301-05:00[America/Bogota]","exception":{"errorType":"net.thucydides.core.webdriver.exceptions.ElementShouldBeEnabledException","message":"The following error occurred: Expected enabled element was not enabled","stackTrace":[{"declaringClass":"reto.start.sharp.tasks.SingIn","methodName":"performAs","fileName":"SingIn.java","lineNumber":30},{"declaringClass":"reto.start.sharp.stepsdefinitions.StepDefinitions","methodName":"loginPageWithMyCredentials","fileName":"StepDefinitions.java","lineNumber":27},{"declaringClass":"cucumber.runner.Runner","methodName":"runPickle","fileName":"Runner.java","lineNumber":80},{"declaringClass":"worker.org.gradle.process.internal.worker.GradleWorkerMain","methodName":"run","fileName":"GradleWorkerMain.java","lineNumber":69},{"declaringClass":"worker.org.gradle.process.internal.worker.GradleWorkerMain","methodName":"main","fileName":"GradleWorkerMain.java","lineNumber":74}],"rootCause":{"errorType":"org.openqa.selenium.TimeoutException","message":"Expected condition failed: waiting for By.id: //input[@id\u003d\u0027StartSharp_Membership_LoginPanel0_Username\u0027] to be enabled (tried for 5 second(s) with 100 milliseconds interval)\nBuild info: version: \u00273.11.0\u0027, revision: \u0027e59cfb3\u0027, time: \u00272018-03-11T20:26:55.152Z\u0027\nSystem info: host: \u0027CHBOGH0LWD82\u0027, ip: \u0027192.168.100.237\u0027, os.name: \u0027Windows 10\u0027, os.arch: \u0027amd64\u0027, os.version: \u002710.0\u0027, java.version: \u00271.8.0_171\u0027\nDriver info: driver.version: unknown","stackTrace":[{"declaringClass":"reto.start.sharp.tasks.SingIn","methodName":"performAs","fileName":"SingIn.java","lineNumber":30},{"declaringClass":"reto.start.sharp.stepsdefinitions.StepDefinitions","methodName":"loginPageWithMyCredentials","fileName":"StepDefinitions.java","lineNumber":27},{"declaringClass":"cucumber.runner.Runner","methodName":"runPickle","fileName":"Runner.java","lineNumber":80},{"declaringClass":"worker.org.gradle.process.internal.worker.GradleWorkerMain","methodName":"run","fileName":"GradleWorkerMain.java","lineNumber":69},{"declaringClass":"worker.org.gradle.process.internal.worker.GradleWorkerMain","methodName":"main","fileName":"GradleWorkerMain.java","lineNumber":74}]}},"result":"FAILURE","precondition":false,"children":[{"number":2,"description":"Kevin opens the Start sharp page","duration":8031,"startTime":"2022-08-22T15:43:27.047-05:00[America/Bogota]","screenshots":[{"screenshot":"751298964d54efe821e38c398502db5185a4645fe7bc134e2de78e4b6043083d.png"}],"result":"SUCCESS","precondition":false},{"number":3,"description":"Given login page with my credentials\r\n| user | password |\r\n| @admin | serenity |","duration":31568,"startTime":"2022-08-22T15:43:35.088-05:00[America/Bogota]","exception":{"errorType":"net.thucydides.core.webdriver.exceptions.ElementShouldBeEnabledException","message":"The following error occurred: Expected enabled element was not enabled","stackTrace":[{"declaringClass":"reto.start.sharp.tasks.SingIn","methodName":"performAs","fileName":"SingIn.java","lineNumber":30},{"declaringClass":"reto.start.sharp.stepsdefinitions.StepDefinitions","methodName":"loginPageWithMyCredentials","fileName":"StepDefinitions.java","lineNumber":27},{"declaringClass":"cucumber.runner.Runner","methodName":"runPickle","fileName":"Runner.java","lineNumber":80},{"declaringClass":"worker.org.gradle.process.internal.worker.GradleWorkerMain","methodName":"run","fileName":"GradleWorkerMain.java","lineNumber":69},{"declaringClass":"worker.org.gradle.process.internal.worker.GradleWorkerMain","methodName":"main","fileName":"GradleWorkerMain.java","lineNumber":74}],"rootCause":{"errorType":"org.openqa.selenium.TimeoutException","message":"Expected condition failed: waiting for By.id: //input[@id\u003d\u0027StartSharp_Membership_LoginPanel0_Username\u0027] to be enabled (tried for 5 second(s) with 100 milliseconds interval)\nBuild info: version: \u00273.11.0\u0027, revision: \u0027e59cfb3\u0027, time: \u00272018-03-11T20:26:55.152Z\u0027\nSystem info: host: \u0027CHBOGH0LWD82\u0027, ip: \u0027192.168.100.237\u0027, os.name: \u0027Windows 10\u0027, os.arch: \u0027amd64\u0027, os.version: \u002710.0\u0027, java.version: \u00271.8.0_171\u0027\nDriver info: driver.version: unknown","stackTrace":[{"declaringClass":"reto.start.sharp.tasks.SingIn","methodName":"performAs","fileName":"SingIn.java","lineNumber":30},{"declaringClass":"reto.start.sharp.stepsdefinitions.StepDefinitions","methodName":"loginPageWithMyCredentials","fileName":"StepDefinitions.java","lineNumber":27},{"declaringClass":"cucumber.runner.Runner","methodName":"runPickle","fileName":"Runner.java","lineNumber":80},{"declaringClass":"worker.org.gradle.process.internal.worker.GradleWorkerMain","methodName":"run","fileName":"GradleWorkerMain.java","lineNumber":69},{"declaringClass":"worker.org.gradle.process.internal.worker.GradleWorkerMain","methodName":"main","fileName":"GradleWorkerMain.java","lineNumber":74}]}},"result":"FAILURE","precondition":false,"children":[{"number":4,"description":"Kevin enters \u0027@admin\u0027 into write user","duration":31214,"startTime":"2022-08-22T15:43:35.400-05:00[America/Bogota]","exception":{"errorType":"net.thucydides.core.webdriver.exceptions.ElementShouldBeEnabledException","message":"The following error occurred: Expected enabled element was not enabled","stackTrace":[{"declaringClass":"reto.start.sharp.tasks.SingIn","methodName":"performAs","fileName":"SingIn.java","lineNumber":30},{"declaringClass":"reto.start.sharp.stepsdefinitions.StepDefinitions","methodName":"loginPageWithMyCredentials","fileName":"StepDefinitions.java","lineNumber":27},{"declaringClass":"cucumber.runner.Runner","methodName":"runPickle","fileName":"Runner.java","lineNumber":80},{"declaringClass":"worker.org.gradle.process.internal.worker.GradleWorkerMain","methodName":"run","fileName":"GradleWorkerMain.java","lineNumber":69},{"declaringClass":"worker.org.gradle.process.internal.worker.GradleWorkerMain","methodName":"main","fileName":"GradleWorkerMain.java","lineNumber":74}],"rootCause":{"errorType":"org.openqa.selenium.TimeoutException","message":"Expected condition failed: waiting for By.id: //input[@id\u003d\u0027StartSharp_Membership_LoginPanel0_Username\u0027] to be enabled (tried for 5 second(s) with 100 milliseconds interval)\nBuild info: version: \u00273.11.0\u0027, revision: \u0027e59cfb3\u0027, time: \u00272018-03-11T20:26:55.152Z\u0027\nSystem info: host: \u0027CHBOGH0LWD82\u0027, ip: \u0027192.168.100.237\u0027, os.name: \u0027Windows 10\u0027, os.arch: \u0027amd64\u0027, os.version: \u002710.0\u0027, java.version: \u00271.8.0_171\u0027\nDriver info: driver.version: unknown","stackTrace":[{"declaringClass":"reto.start.sharp.tasks.SingIn","methodName":"performAs","fileName":"SingIn.java","lineNumber":30},{"declaringClass":"reto.start.sharp.stepsdefinitions.StepDefinitions","methodName":"loginPageWithMyCredentials","fileName":"StepDefinitions.java","lineNumber":27},{"declaringClass":"cucumber.runner.Runner","methodName":"runPickle","fileName":"Runner.java","lineNumber":80},{"declaringClass":"worker.org.gradle.process.internal.worker.GradleWorkerMain","methodName":"run","fileName":"GradleWorkerMain.java","lineNumber":69},{"declaringClass":"worker.org.gradle.process.internal.worker.GradleWorkerMain","methodName":"main","fileName":"GradleWorkerMain.java","lineNumber":74}]}},"result":"FAILURE","precondition":false}]},{"number":5,"description":"Perform as: Kevin","duration":12,"startTime":"2022-08-22T15:44:06.658-05:00[America/Bogota]","exception":{"errorType":"net.thucydides.core.webdriver.exceptions.ElementShouldBeEnabledException","message":"The following error occurred: Expected enabled element was not enabled","stackTrace":[{"declaringClass":"reto.start.sharp.tasks.SingIn","methodName":"performAs","fileName":"SingIn.java","lineNumber":30},{"declaringClass":"reto.start.sharp.stepsdefinitions.StepDefinitions","methodName":"loginPageWithMyCredentials","fileName":"StepDefinitions.java","lineNumber":27},{"declaringClass":"cucumber.runner.Runner","methodName":"runPickle","fileName":"Runner.java","lineNumber":80},{"declaringClass":"worker.org.gradle.process.internal.worker.GradleWorkerMain","methodName":"run","fileName":"GradleWorkerMain.java","lineNumber":69},{"declaringClass":"worker.org.gradle.process.internal.worker.GradleWorkerMain","methodName":"main","fileName":"GradleWorkerMain.java","lineNumber":74}],"rootCause":{"errorType":"org.openqa.selenium.TimeoutException","message":"Expected condition failed: waiting for By.id: //input[@id\u003d\u0027StartSharp_Membership_LoginPanel0_Username\u0027] to be enabled (tried for 5 second(s) with 100 milliseconds interval)\nBuild info: version: \u00273.11.0\u0027, revision: \u0027e59cfb3\u0027, time: \u00272018-03-11T20:26:55.152Z\u0027\nSystem info: host: \u0027CHBOGH0LWD82\u0027, ip: \u0027192.168.100.237\u0027, os.name: \u0027Windows 10\u0027, os.arch: \u0027amd64\u0027, os.version: \u002710.0\u0027, java.version: \u00271.8.0_171\u0027\nDriver info: driver.version: unknown","stackTrace":[{"declaringClass":"reto.start.sharp.tasks.SingIn","methodName":"performAs","fileName":"SingIn.java","lineNumber":30},{"declaringClass":"reto.start.sharp.stepsdefinitions.StepDefinitions","methodName":"loginPageWithMyCredentials","fileName":"StepDefinitions.java","lineNumber":27},{"declaringClass":"cucumber.runner.Runner","methodName":"runPickle","fileName":"Runner.java","lineNumber":80},{"declaringClass":"worker.org.gradle.process.internal.worker.GradleWorkerMain","methodName":"run","fileName":"GradleWorkerMain.java","lineNumber":69},{"declaringClass":"worker.org.gradle.process.internal.worker.GradleWorkerMain","methodName":"main","fileName":"GradleWorkerMain.java","lineNumber":74}]}},"result":"FAILURE","precondition":false}]},{"number":6,"description":"When schedule the meeting","duration":5,"startTime":"2022-08-22T15:44:06.691-05:00[America/Bogota]","result":"SKIPPED","precondition":false},{"number":7,"description":"Then verify that the meeting was created","duration":4,"startTime":"2022-08-22T15:44:06.697-05:00[America/Bogota]","result":"SKIPPED","precondition":false}],"userStory":{"id":"create-a-meeting","storyName":"Create a meeting","path":"src/test/resources/features/escenary1.feature","narrative":"  As a user, I want to be able to create a meeting in StartSharp","type":"feature"},"featureTag":{"name":"Features/Create a meeting","type":"feature"},"title":"create a new meeting in StartSharp","tags":[{"name":"Create a meeting","type":"feature"},{"name":"scenary","type":"tag"}],"startTime":"2022-08-22T15:43:25.143-05:00[America/Bogota]","duration":48414,"testFailureCause":{"errorType":"net.thucydides.core.webdriver.exceptions.ElementShouldBeEnabledException","message":"The following error occurred: Expected enabled element was not enabled","stackTrace":[{"declaringClass":"reto.start.sharp.tasks.SingIn","methodName":"performAs","fileName":"SingIn.java","lineNumber":30},{"declaringClass":"reto.start.sharp.stepsdefinitions.StepDefinitions","methodName":"loginPageWithMyCredentials","fileName":"StepDefinitions.java","lineNumber":27},{"declaringClass":"cucumber.runner.Runner","methodName":"runPickle","fileName":"Runner.java","lineNumber":80},{"declaringClass":"worker.org.gradle.process.internal.worker.GradleWorkerMain","methodName":"run","fileName":"GradleWorkerMain.java","lineNumber":69},{"declaringClass":"worker.org.gradle.process.internal.worker.GradleWorkerMain","methodName":"main","fileName":"GradleWorkerMain.java","lineNumber":74}],"rootCause":{"errorType":"org.openqa.selenium.TimeoutException","message":"Expected condition failed: waiting for By.id: //input[@id\u003d\u0027StartSharp_Membership_LoginPanel0_Username\u0027] to be enabled (tried for 5 second(s) with 100 milliseconds interval)\nBuild info: version: \u00273.11.0\u0027, revision: \u0027e59cfb3\u0027, time: \u00272018-03-11T20:26:55.152Z\u0027\nSystem info: host: \u0027CHBOGH0LWD82\u0027, ip: \u0027192.168.100.237\u0027, os.name: \u0027Windows 10\u0027, os.arch: \u0027amd64\u0027, os.version: \u002710.0\u0027, java.version: \u00271.8.0_171\u0027\nDriver info: driver.version: unknown","stackTrace":[{"declaringClass":"reto.start.sharp.tasks.SingIn","methodName":"performAs","fileName":"SingIn.java","lineNumber":30},{"declaringClass":"reto.start.sharp.stepsdefinitions.StepDefinitions","methodName":"loginPageWithMyCredentials","fileName":"StepDefinitions.java","lineNumber":27},{"declaringClass":"cucumber.runner.Runner","methodName":"runPickle","fileName":"Runner.java","lineNumber":80},{"declaringClass":"worker.org.gradle.process.internal.worker.GradleWorkerMain","methodName":"run","fileName":"GradleWorkerMain.java","lineNumber":69},{"declaringClass":"worker.org.gradle.process.internal.worker.GradleWorkerMain","methodName":"main","fileName":"GradleWorkerMain.java","lineNumber":74}]}},"testFailureClassname":"net.thucydides.core.webdriver.exceptions.ElementShouldBeEnabledException","testFailureMessage":"The following error occurred: Expected enabled element was not enabled","testFailureSummary":"FAILURE;net.thucydides.core.webdriver.exceptions.ElementShouldBeEnabledException;The following error occurred: Expected enabled element was not enabled;SingIn.java","projectKey":"","annotatedResult":"FAILURE","sessionId":"ef91c6ae2a2a9bc1f0abd2f72ffa42b1","driver":"chrome:kevin","dataTable":{"headers":["user","password"],"rows":[{"values":["@admin","serenity"],"result":"FAILURE"}],"predefinedRows":true,"scenarioOutline":"Given login page with my credentials\n\rWhen schedule the meeting\n\rThen verify that the meeting was created\n\r","dataSetDescriptors":[{"startRow":0,"rowCount":0,"name":""}]},"manual":false,"testSource":"Cucumber","result":"FAILURE"}